ERROR: finally could not read url http://rp5.ru/Weather_in_P_&_T_Colony.
ERROR: finally could not read url http://rp5.ru/Weather_in_P&t_Colony.
ERROR: finally could not read url http://rp5.ru/Weather_in_Lahul_&_Spiti.
ERROR: finally could not read url http://rp5.ru/Weather_in_Lahul_&_Spiti.
ERROR: finally could not read url http://rp5.ru/Weather_in_Judea_&_Samaria.
ERROR: finally could not read url http://rp5.ru/Weather_in_Bethlehem,_Judea_&_Samaria.
ERROR: finally could not read url http://rp5.ru/Weather_in_Judea_&_Samaria.
Region mismatch: Gwangju != Gyeonggi-do, url=http://rp5.ru/Weather_in_Gwangju
Region mismatch: Gyeonggi-do != Seoul, url=http://rp5.ru/Weather_in_Gimpo_(airport)
URLMismatch: country=Turkey, url=http://rp5.ru/Weather_in_Sarıcam,_district
ERROR: finally could not read url http://rp5.ru/Weather_in_Westlakes_Science_&_Technology_Park.
ERROR: finally could not read url http://rp5.ru/Weather_in_Cat_&_Fiddle_Park.
ERROR: finally could not read url http://rp5.ru/Weather_in_Bridge_&_Bridge_Without.
ERROR: finally could not read url http://rp5.ru/Weather_in_Blackpool_&_Fylde_Industrial_Estate.
ERROR: finally could not read url http://rp5.ru/Weather_in_Aintree_Racecourse_Retail_&_Bus_Pk.
ERROR: finally could not read url http://rp5.ru/Weather_in_Tattersett_Business_&_Leisure_Park.
ERROR: finally could not read url http://rp5.ru/Weather_in_Harwell_Science_&_Innovation_Campus.
ERROR: finally could not read url http://rp5.ru/Weather_in_St_Rollox_Business_&_Retail_Park.
ERROR: finally could not read url http://rp5.ru/Weather_in_Inverness_Business_&_Retail_Park.
ERROR: finally could not read url http://rp5.ru/Weather_in_Las_Vegas,_Tonopah_Range_#74_Nellis_AFB_(AWS).
ERROR: finally could not read url http://rp5.ru/Weather_in_Las_Vegas,_Tonopah_Range_#74_Nellis_AFB_(AWS).
ERROR: finally could not read url http://rp5.ru/Weather_in_Sachse.
ERROR: finally could not read url http://rp5.ru/Weather_in_Kazatin.
